<?xml version="1.0" encoding="UTF-8"?>
<!-- Generated by org.testng.reporters.JUnitReportReporter -->
<testsuite hostname="santhosh-PC" name="com.ebanking.scripts.Sample" tests="2" failures="0" timestamp="11 Sep 2018 04:23:20 GMT" time="33.459" errors="0">
  <testcase name="google" time="10.462" classname="com.ebanking.scripts.Sample"/>
  <testcase name="yahoo" time="22.997" classname="com.ebanking.scripts.Sample"/>
</testsuite> <!-- com.ebanking.scripts.Sample -->
