<?xml version="1.0" encoding="UTF-8"?>
<!-- Generated by org.testng.reporters.JUnitReportReporter -->
<testsuite hostname="santhosh-PC" name="com.ebanking.master.Exepom" tests="1" failures="0" timestamp="18 Sep 2018 03:58:29 GMT" time="12.874" errors="0">
  <testcase name="pom" time="12.874" classname="com.ebanking.master.Exepom"/>
</testsuite> <!-- com.ebanking.master.Exepom -->
