<?xml version="1.0" encoding="UTF-8"?>
<!-- Generated by org.testng.reporters.JUnitReportReporter -->
<testsuite hostname="santhosh-PC" name="com.ebanking.scripts.SampleNG" tests="1" failures="0" timestamp="11 Sep 2018 03:55:47 GMT" time="0.000" errors="0">
  <testcase name="abc" time="0.000" classname="com.ebanking.scripts.SampleNG"/>
</testsuite> <!-- com.ebanking.scripts.SampleNG -->
