<?xml version="1.0" encoding="UTF-8"?>
<!-- Generated by org.testng.reporters.JUnitReportReporter -->
<testsuite hostname="santhosh-PC" name="com.ebanking.master.RoleNG" tests="4" failures="0" timestamp="14 Sep 2018 04:25:20 GMT" time="81.956" errors="0">
  <testcase name="Rol" time="20.497" classname="com.ebanking.master.RoleNG"/>
  <testcase name="Rol" time="20.587" classname="com.ebanking.master.RoleNG"/>
  <testcase name="Rol" time="20.472" classname="com.ebanking.master.RoleNG"/>
  <testcase name="Rol" time="20.400" classname="com.ebanking.master.RoleNG"/>
</testsuite> <!-- com.ebanking.master.RoleNG -->
